[20:36:31] [ServerMain/WARN]: Failed to add PDH Counter: \Paging File(_Total)\% Usage, Error code: 0xC0000BB8
[20:36:31] [ServerMain/WARN]: Failed to add counter for PDH counter: \Paging File(_Total)\% Usage
[20:36:31] [ServerMain/WARN]: Disabling further attempts to query Paging File.
[20:36:33] [ServerMain/WARN]: COM exception: Invalid Query: SELECT PERCENTUSAGE FROM Win32_PerfRawData_PerfOS_PagingFile
[20:36:37] [ServerMain/INFO]: Environment: Environment[accountsHost=https://api.mojang.com, sessionHost=https://sessionserver.mojang.com, servicesHost=https://api.minecraftservices.com, name=PROD]
[20:36:38] [ServerMain/INFO]: Loaded 7 recipes
[20:36:38] [ServerMain/INFO]: Loaded 1271 advancements
[20:36:39] [Server thread/INFO]: Starting minecraft server version 1.20.2
[20:36:39] [Server thread/INFO]: Loading properties
[20:36:39] [Server thread/INFO]: Default game type: SURVIVAL
[20:36:39] [Server thread/INFO]: Generating keypair
[20:36:39] [Server thread/INFO]: Starting Minecraft server on *:25565
[20:36:39] [Server thread/INFO]: Using default channel type
[20:36:39] [Server thread/INFO]: Preparing level "world"
[20:36:41] [Server thread/INFO]: Preparing start region for dimension minecraft:overworld
[20:36:43] [Worker-Main-4/INFO]: Preparing spawn area: 0%
[20:36:43] [Worker-Main-5/INFO]: Preparing spawn area: 0%
[20:36:43] [Worker-Main-3/INFO]: Preparing spawn area: 0%
[20:36:43] [Worker-Main-7/INFO]: Preparing spawn area: 0%
[20:36:43] [Worker-Main-2/INFO]: Preparing spawn area: 0%
[20:36:43] [Worker-Main-1/INFO]: Preparing spawn area: 0%
[20:36:44] [Worker-Main-5/INFO]: Preparing spawn area: 43%
[20:36:44] [Server thread/INFO]: Time elapsed: 3295 ms
[20:36:44] [Server thread/INFO]: Done (4.796s)! For help, type "help"
[20:40:36] [User Authenticator #1/INFO]: UUID of player fewers is eda08392-6d46-4626-9cf1-502b22803961
[20:40:36] [Server thread/INFO]: fewers[/127.0.0.1:65261] logged in with entity id 62 at (-748.2888455531405, 63.0, 2267.8912912946753)
[20:40:36] [Server thread/INFO]: fewers joined the game
[20:40:38] [Server thread/WARN]: fewers moved too quickly! 12.788845553140504,4.0,-20.391291294675284
[20:48:27] [Server thread/INFO]: fewers has made the advancement [The Parrots and the Bats]
[21:05:58] [Server thread/INFO]: fewers was doomed to fall by Zombie
[21:24:10] [Server thread/INFO]: fewers lost connection: Timed out
[21:24:10] [Server thread/INFO]: fewers left the game
[21:24:11] [Server thread/WARN]: handleDisconnection() called twice
[21:24:32] [Server thread/INFO]: Stopping server
[21:24:32] [Server thread/INFO]: Saving players
[21:24:32] [Server thread/INFO]: Saving worlds
